<!DOCTYPE html PUBLIC "-//W3C//DTD XHTML 1.1//EN" "http://www.w3.org/TR/xhtml11/DTD/xhtml11.dtd">
<html xmlns="http://www.w3.org/1999/xhtml">
<head>
<meta http-equiv="content-type" content="text/html; charset=UTF-8"/>
<title>TestNG Report</title>
<style type="text/css">table {margin-bottom:10px;border-collapse:collapse;empty-cells:show}th,td {border:1px solid #009;padding:.25em .5em}th {vertical-align:bottom}td {vertical-align:top}table a {font-weight:bold}.stripe td {background-color: #E6EBF9}.num {text-align:right}.passedodd td {background-color: #3F3}.passedeven td {background-color: #0A0}.skippedodd td {background-color: #DDD}.skippedeven td {background-color: #CCC}.failedodd td,.attn {background-color: #F33}.failedeven td,.stripe .attn {background-color: #D00}.stacktrace {white-space:pre;font-family:monospace}.totop {font-size:85%;text-align:center;border-bottom:2px solid #000}.invisible {display:none}</style>
</head>
<body>
<table>
<tr><th>Test</th><th># Passed</th><th># Skipped</th><th># Retried</th><th># Failed</th><th>Time (ms)</th><th>Included Groups</th><th>Excluded Groups</th></tr>
<tr><th colspan="8">All Test Suite</th></tr>
<tr><td><a href="#t0">/Users/carmelacreata/IdeaProjects/ui_automation_6/src/test/java/scripts</a></td><td class="num">60</td><td class="num">0</td><td class="num">0</td><td class="num attn">5</td><td class="num">1,020,283</td><td></td><td></td></tr>
</table>
<table id='summary'><thead><tr><th>Class</th><th>Method</th><th>Start</th><th>Time (ms)</th></tr></thead><tbody><tr><th colspan="4">All Test Suite</th></tr></tbody><tbody id="t0"><tr><th colspan="4">/Users/carmelacreata/IdeaProjects/ui_automation_6/src/test/java/scripts &#8212; failed</th></tr><tr class="failedeven"><td rowspan="2">scripts._01_Project</td><td><a href="#m0">validateTheContactUsInformation</a></td><td rowspan="1">1686012794850</td><td rowspan="1">650</td></tr><tr class="failedeven"><td><a href="#m1">validateTheFullNameInputBox</a></td><td rowspan="1">1686012804670</td><td rowspan="1">486</td></tr><tr class="failedodd"><td rowspan="1">scripts._02_Project</td><td><a href="#m2">validateResetPasswordModal</a></td><td rowspan="1">1686012981227</td><td rowspan="1">42207</td></tr><tr class="failedeven"><td rowspan="1">scripts._04_TGLocatorTest</td><td><a href="#m3">validateListHeaders</a></td><td rowspan="1">1686013174781</td><td rowspan="1">98</td></tr><tr class="failedodd"><td rowspan="1">scripts._05_FacebookTest</td><td><a href="#m4">validateFacebookInvalidLoginAttempt</a></td><td rowspan="1">1686013197853</td><td rowspan="1">10559</td></tr><tr><th colspan="4">/Users/carmelacreata/IdeaProjects/ui_automation_6/src/test/java/scripts &#8212; passed</th></tr><tr class="passedeven"><td rowspan="3">scripts._01_GoogleTest</td><td><a href="#m5">validateSearchBar</a></td><td rowspan="1">1686012782440</td><td rowspan="1">194</td></tr><tr class="passedeven"><td><a href="#m6">validateSearchButton</a></td><td rowspan="1">1686012744692</td><td rowspan="1">310</td></tr><tr class="passedeven"><td><a href="#m7">validateTitleAndURL</a></td><td rowspan="1">1686012763913</td><td rowspan="1">52</td></tr><tr class="passedodd"><td rowspan="8">scripts._01_Project</td><td><a href="#m8">validateTheAddressInputBox</a></td><td rowspan="1">1686012834690</td><td rowspan="1">598</td></tr><tr class="passedodd"><td><a href="#m9">validateTheConsentCheckbox</a></td><td rowspan="1">1686012873947</td><td rowspan="1">5767</td></tr><tr class="passedodd"><td><a href="#m10">validateTheEmailInputBox</a></td><td rowspan="1">1686012844644</td><td rowspan="1">656</td></tr><tr class="passedodd"><td><a href="#m11">validateTheFormSubmission</a></td><td rowspan="1">1686012898409</td><td rowspan="1">5857</td></tr><tr class="passedodd"><td><a href="#m12">validateTheGenderRadioButton</a></td><td rowspan="1">1686012814313</td><td rowspan="1">11159</td></tr><tr class="passedodd"><td><a href="#m13">validateTheMessageTextArea</a></td><td rowspan="1">1686012864507</td><td rowspan="1">606</td></tr><tr class="passedodd"><td><a href="#m14">validateThePhoneInputBox</a></td><td rowspan="1">1686012854618</td><td rowspan="1">588</td></tr><tr class="passedodd"><td><a href="#m15">validateTheSubmitButton</a></td><td rowspan="1">1686012888799</td><td rowspan="1">539</td></tr><tr class="passedeven"><td rowspan="1">scripts._02_AppleTest</td><td><a href="#m16">validateTitleAndUrl</a></td><td rowspan="1">1686012916130</td><td rowspan="1">735</td></tr><tr class="passedodd"><td rowspan="9">scripts._02_Project</td><td><a href="#m17">validateForgotPasswordAndResetPassword</a></td><td rowspan="1">1686012968860</td><td rowspan="1">3075</td></tr><tr class="passedodd"><td><a href="#m18">validateInvalidLogin</a></td><td rowspan="1">1686013046514</td><td rowspan="1">1626</td></tr><tr class="passedodd"><td><a href="#m19">validateInvalidLoginWithWrongCredentials</a></td><td rowspan="1">1686013082445</td><td rowspan="1">3213</td></tr><tr class="passedodd"><td><a href="#m20">validateInvalidLoginWithWrongPassword</a></td><td rowspan="1">1686013069790</td><td rowspan="1">3537</td></tr><tr class="passedodd"><td><a href="#m21">validateLoginForm</a></td><td rowspan="1">1686012928974</td><td rowspan="1">3331</td></tr><tr class="passedodd"><td><a href="#m22">validateLogout</a></td><td rowspan="1">1686012955049</td><td rowspan="1">4692</td></tr><tr class="passedodd"><td><a href="#m23">validateResetPasswordForm</a></td><td rowspan="1">1686013032614</td><td rowspan="1">4805</td></tr><tr class="passedodd"><td><a href="#m24">validateValidLogin</a></td><td rowspan="1">1686012941485</td><td rowspan="1">4473</td></tr><tr class="passedodd"><td><a href="#m25">validateWrongUsername</a></td><td rowspan="1">1686013057137</td><td rowspan="1">3523</td></tr><tr class="passedeven"><td rowspan="6">scripts._03_TGLocatorsTest</td><td><a href="#m26">validateAllLinks</a></td><td rowspan="1">1686013138421</td><td rowspan="1">808</td></tr><tr class="passedeven"><td><a href="#m27">validateAllParagraphs</a></td><td rowspan="1">1686013120518</td><td rowspan="1">544</td></tr><tr class="passedeven"><td><a href="#m28">validateGrapesParagraph</a></td><td rowspan="1">1686013111504</td><td rowspan="1">559</td></tr><tr class="passedeven"><td><a href="#m29">validateKiwiParagraph</a></td><td rowspan="1">1686013094082</td><td rowspan="1">506</td></tr><tr class="passedeven"><td><a href="#m30">validateOrangeParagraph</a></td><td rowspan="1">1686013102981</td><td rowspan="1">509</td></tr><tr class="passedeven"><td><a href="#m31">validateRedAppleLink</a></td><td rowspan="1">1686013129427</td><td rowspan="1">577</td></tr><tr class="passedodd"><td rowspan="3">scripts._04_TGLocatorTest</td><td><a href="#m32">validateAutomationTools</a></td><td rowspan="1">1686013150811</td><td rowspan="1">463</td></tr><tr class="passedodd"><td><a href="#m33">validateLanguages</a></td><td rowspan="1">1686013162914</td><td rowspan="1">428</td></tr><tr class="passedodd"><td><a href="#m34">validateTheHeader</a></td><td rowspan="1">1686013186606</td><td rowspan="1">135</td></tr><tr class="passedeven"><td rowspan="1">scripts._05_FacebookTest</td><td><a href="#m35">validateFacebookLogin</a></td><td rowspan="1">1686013219730</td><td rowspan="1">1693</td></tr><tr class="passedodd"><td rowspan="2">scripts._06_WikiTest</td><td><a href="#m36">validateWikiSearch1</a></td><td rowspan="1">1686013227801</td><td rowspan="1">3812</td></tr><tr class="passedodd"><td><a href="#m37">validateWikiSearch2</a></td><td rowspan="1">1686013237973</td><td rowspan="1">3325</td></tr><tr class="passedeven"><td rowspan="3">scripts._07_TGDynamicElementsTest</td><td><a href="#m38">validateDynamicElementBox1</a></td><td rowspan="1">1686013253046</td><td rowspan="1">179</td></tr><tr class="passedeven"><td><a href="#m39">validateDynamicElementBox2</a></td><td rowspan="1">1686013263875</td><td rowspan="1">707</td></tr><tr class="passedeven"><td><a href="#m40">validateDynamicElementBoxes</a></td><td rowspan="1">1686013276109</td><td rowspan="1">243</td></tr><tr class="passedodd"><td rowspan="2">scripts._08_TGWaitsTest</td><td><a href="#m41">waitForBlueBox</a></td><td rowspan="1">1686013287075</td><td rowspan="1">36225</td></tr><tr class="passedodd"><td><a href="#m42">waitForRedBox</a></td><td rowspan="1">1686013334596</td><td rowspan="1">11120</td></tr><tr class="passedeven"><td rowspan="2">scripts._09_TGCheckboxTest</td><td><a href="#m43">checkboxTest2</a></td><td rowspan="1">1686013357405</td><td rowspan="1">1046</td></tr><tr class="passedeven"><td><a href="#m44">validateCheckboxes</a></td><td rowspan="1">1686013370063</td><td rowspan="1">879</td></tr><tr class="passedodd"><td rowspan="2">scripts._10_TGRadioButtonsTest</td><td><a href="#m45">validatePracticeMore</a></td><td rowspan="1">1686013382305</td><td rowspan="1">1137</td></tr><tr class="passedodd"><td><a href="#m46">validateRadioButtons</a></td><td rowspan="1">1686013394181</td><td rowspan="1">1511</td></tr><tr class="passedeven"><td rowspan="4">scripts._11_TGDropdownsTest</td><td><a href="#m47">dropdownTestCase</a></td><td rowspan="1">1686013408217</td><td rowspan="1">2354</td></tr><tr class="passedeven"><td><a href="#m48">productColorTest</a></td><td rowspan="1">1686013423064</td><td rowspan="1">510</td></tr><tr class="passedeven"><td><a href="#m49">productDeliveryTest</a></td><td rowspan="1">1686013435047</td><td rowspan="1">41911</td></tr><tr class="passedeven"><td><a href="#m50">productDropdownTest</a></td><td rowspan="1">1686013489542</td><td rowspan="1">569</td></tr><tr class="passedodd"><td rowspan="2">scripts._12_TGAlertsTest</td><td><a href="#m51">confirmationAlert</a></td><td rowspan="1">1686013500794</td><td rowspan="1">1464</td></tr><tr class="passedodd"><td><a href="#m52">warningAlert</a></td><td rowspan="1">1686013513803</td><td rowspan="1">552</td></tr><tr class="passedeven"><td rowspan="2">scripts._13_IFrameTest</td><td><a href="#m53">validateTheFormSubmission</a></td><td rowspan="1">1686013532886</td><td rowspan="1">3703</td></tr><tr class="passedeven"><td><a href="#m54">validateTheParagraph</a></td><td rowspan="1">1686013522984</td><td rowspan="1">1019</td></tr><tr class="passedodd"><td rowspan="4">scripts._14_MultipleWindowsTest</td><td><a href="#m55">validateTheAppleNavigation</a></td><td rowspan="1">1686013547423</td><td rowspan="1">9522</td></tr><tr class="passedodd"><td><a href="#m56">validateTheLinkURLs</a></td><td rowspan="1">1686013625829</td><td rowspan="1">46427</td></tr><tr class="passedodd"><td><a href="#m57">validateTheMicrosoftNavigation</a></td><td rowspan="1">1686013568169</td><td rowspan="1">14168</td></tr><tr class="passedodd"><td><a href="#m58">validateTheTeslaNavigation</a></td><td rowspan="1">1686013596759</td><td rowspan="1">18088</td></tr><tr class="passedeven"><td rowspan="4">scripts._17_TGStaticTableTest</td><td><a href="#m59">validateEachCell</a></td><td rowspan="1">1686013683944</td><td rowspan="1">444</td></tr><tr class="passedeven"><td><a href="#m60">validateFirstRow</a></td><td rowspan="1">1686013695217</td><td rowspan="1">867</td></tr><tr class="passedeven"><td><a href="#m61">validateLastColumn</a></td><td rowspan="1">1686013707534</td><td rowspan="1">334</td></tr><tr class="passedeven"><td><a href="#m62">validateTableHeaders</a></td><td rowspan="1">1686013719705</td><td rowspan="1">424</td></tr><tr class="passedodd"><td rowspan="2">scripts._18_TGSortableTableTest</td><td><a href="#m63">validateSortAscByQuantity</a></td><td rowspan="1">1686013731647</td><td rowspan="1">2890</td></tr><tr class="passedodd"><td><a href="#m64">validateSortDscByQuantity</a></td><td rowspan="1">1686013746159</td><td rowspan="1">709</td></tr></tbody>
</table>
<h2>/Users/carmelacreata/IdeaProjects/ui_automation_6/src/test/java/scripts</h2><h3 id="m0">scripts._01_Project#validateTheContactUsInformation</h3><table class="result"><tr><th>Exception</th></tr><tr><td><div class="stacktrace">java.lang.AssertionError: expected [2860 S River Rd Suite 350, Des Plaines IL 60018] but found [2860 S River Rd Suite 480, Des Plaines, IL 60018]
	at org.testng.Assert.fail(Assert.java:97)
	at org.testng.Assert.assertEqualsImpl(Assert.java:136)
	at org.testng.Assert.assertEquals(Assert.java:118)
	at org.testng.Assert.assertEquals(Assert.java:575)
	at org.testng.Assert.assertEquals(Assert.java:585)
	at scripts._01_Project.validateTheContactUsInformation(_01_Project.java:38)
	at sun.reflect.NativeMethodAccessorImpl.invoke0(Native Method)
	at sun.reflect.NativeMethodAccessorImpl.invoke(NativeMethodAccessorImpl.java:62)
	at sun.reflect.DelegatingMethodAccessorImpl.invoke(DelegatingMethodAccessorImpl.java:43)
	at java.lang.reflect.Method.invoke(Method.java:498)
	at org.testng.internal.MethodInvocationHelper.invokeMethod(MethodInvocationHelper.java:134)
	at org.testng.internal.TestInvoker.invokeMethod(TestInvoker.java:597)
	at org.testng.internal.TestInvoker.invokeTestMethod(TestInvoker.java:173)
	at org.testng.internal.MethodRunner.runInSequence(MethodRunner.java:46)
	at org.testng.internal.TestInvoker$MethodInvocationAgent.invoke(TestInvoker.java:816)
	at org.testng.internal.TestInvoker.invokeTestMethods(TestInvoker.java:146)
	at org.testng.internal.TestMethodWorker.invokeTestMethods(TestMethodWorker.java:146)
	at org.testng.internal.TestMethodWorker.run(TestMethodWorker.java:128)
	at java.util.ArrayList.forEach(ArrayList.java:1259)
	at org.testng.TestRunner.privateRun(TestRunner.java:766)
	at org.testng.TestRunner.run(TestRunner.java:587)
	at org.testng.SuiteRunner.runTest(SuiteRunner.java:384)
	at org.testng.SuiteRunner.runSequentially(SuiteRunner.java:378)
	at org.testng.SuiteRunner.privateRun(SuiteRunner.java:337)
	at org.testng.SuiteRunner.run(SuiteRunner.java:286)
	at org.testng.SuiteRunnerWorker.runSuite(SuiteRunnerWorker.java:53)
	at org.testng.SuiteRunnerWorker.run(SuiteRunnerWorker.java:96)
	at org.testng.TestNG.runSuitesSequentially(TestNG.java:1187)
	at org.testng.TestNG.runSuitesLocally(TestNG.java:1109)
	at org.testng.TestNG.runSuites(TestNG.java:1039)
	at org.testng.TestNG.run(TestNG.java:1007)
	at org.apache.maven.surefire.testng.TestNGExecutor.run(TestNGExecutor.java:281)
	at org.apache.maven.surefire.testng.TestNGXmlTestSuite.execute(TestNGXmlTestSuite.java:75)
	at org.apache.maven.surefire.testng.TestNGProvider.invoke(TestNGProvider.java:121)
	at org.apache.maven.surefire.booter.ForkedBooter.invokeProviderInSameClassLoader(ForkedBooter.java:290)
	at org.apache.maven.surefire.booter.ForkedBooter.runSuitesInProcess(ForkedBooter.java:242)
	at org.apache.maven.surefire.booter.ForkedBooter.main(ForkedBooter.java:121)
</div></td></tr></table><p class="totop"><a href="#summary">back to summary</a></p>
<h3 id="m1">scripts._01_Project#validateTheFullNameInputBox</h3><table class="result"><tr><th>Exception</th></tr><tr><td><div class="stacktrace">java.lang.AssertionError: expected [Enter your name] but found [Enter your full name]
	at org.testng.Assert.fail(Assert.java:97)
	at org.testng.Assert.assertEqualsImpl(Assert.java:136)
	at org.testng.Assert.assertEquals(Assert.java:118)
	at org.testng.Assert.assertEquals(Assert.java:575)
	at org.testng.Assert.assertEquals(Assert.java:585)
	at scripts._01_Project.validateTheFullNameInputBox(_01_Project.java:55)
	at sun.reflect.NativeMethodAccessorImpl.invoke0(Native Method)
	at sun.reflect.NativeMethodAccessorImpl.invoke(NativeMethodAccessorImpl.java:62)
	at sun.reflect.DelegatingMethodAccessorImpl.invoke(DelegatingMethodAccessorImpl.java:43)
	at java.lang.reflect.Method.invoke(Method.java:498)
	at org.testng.internal.MethodInvocationHelper.invokeMethod(MethodInvocationHelper.java:134)
	at org.testng.internal.TestInvoker.invokeMethod(TestInvoker.java:597)
	at org.testng.internal.TestInvoker.invokeTestMethod(TestInvoker.java:173)
	at org.testng.internal.MethodRunner.runInSequence(MethodRunner.java:46)
	at org.testng.internal.TestInvoker$MethodInvocationAgent.invoke(TestInvoker.java:816)
	at org.testng.internal.TestInvoker.invokeTestMethods(TestInvoker.java:146)
	at org.testng.internal.TestMethodWorker.invokeTestMethods(TestMethodWorker.java:146)
	at org.testng.internal.TestMethodWorker.run(TestMethodWorker.java:128)
	at java.util.ArrayList.forEach(ArrayList.java:1259)
	at org.testng.TestRunner.privateRun(TestRunner.java:766)
	at org.testng.TestRunner.run(TestRunner.java:587)
	at org.testng.SuiteRunner.runTest(SuiteRunner.java:384)
	at org.testng.SuiteRunner.runSequentially(SuiteRunner.java:378)
	at org.testng.SuiteRunner.privateRun(SuiteRunner.java:337)
	at org.testng.SuiteRunner.run(SuiteRunner.java:286)
	at org.testng.SuiteRunnerWorker.runSuite(SuiteRunnerWorker.java:53)
	at org.testng.SuiteRunnerWorker.run(SuiteRunnerWorker.java:96)
	at org.testng.TestNG.runSuitesSequentially(TestNG.java:1187)
	at org.testng.TestNG.runSuitesLocally(TestNG.java:1109)
	at org.testng.TestNG.runSuites(TestNG.java:1039)
	at org.testng.TestNG.run(TestNG.java:1007)
	at org.apache.maven.surefire.testng.TestNGExecutor.run(TestNGExecutor.java:281)
	at org.apache.maven.surefire.testng.TestNGXmlTestSuite.execute(TestNGXmlTestSuite.java:75)
	at org.apache.maven.surefire.testng.TestNGProvider.invoke(TestNGProvider.java:121)
	at org.apache.maven.surefire.booter.ForkedBooter.invokeProviderInSameClassLoader(ForkedBooter.java:290)
	at org.apache.maven.surefire.booter.ForkedBooter.runSuitesInProcess(ForkedBooter.java:242)
	at org.apache.maven.surefire.booter.ForkedBooter.main(ForkedBooter.java:121)
</div></td></tr></table><p class="totop"><a href="#summary">back to summary</a></p>
<h3 id="m2">scripts._02_Project#validateResetPasswordModal</h3><table class="result"><tr><th>Exception</th></tr><tr><td><div class="stacktrace">org.openqa.selenium.NoSuchElementException: no such element: Unable to locate element: {&quot;method&quot;:&quot;css selector&quot;,&quot;selector&quot;:&quot;.\.modal\-card\-body&quot;}
  (Session info: chrome=113.0.5672.126)
For documentation on this error, please visit: https://www.seleniumhq.org/exceptions/no_such_element.html
Build info: version: &apos;3.141.59&apos;, revision: &apos;e82be7d358&apos;, time: &apos;2018-11-14T08:17:03&apos;
System info: host: &apos;Carmelas-MacBook-Air.local&apos;, ip: &apos;2601:249:9382:dab0:0:0:0:22a2%en0&apos;, os.name: &apos;Mac OS X&apos;, os.arch: &apos;x86_64&apos;, os.version: &apos;13.3.1&apos;, java.version: &apos;1.8.0_361&apos;
Driver info: org.openqa.selenium.chrome.ChromeDriver
Capabilities {acceptInsecureCerts: false, browserName: chrome, browserVersion: 113.0.5672.126, chrome: {chromedriverVersion: 113.0.5672.63 (0e1a4471d5ae..., userDataDir: /var/folders/jp/_bpmzzh9063...}, goog:chromeOptions: {debuggerAddress: localhost:53363}, javascriptEnabled: true, networkConnectionEnabled: false, pageLoadStrategy: normal, platform: MAC, platformName: MAC, proxy: Proxy(), setWindowRect: true, strictFileInteractability: false, timeouts: {implicit: 0, pageLoad: 300000, script: 30000}, unhandledPromptBehavior: dismiss and notify, webauthn:extension:credBlob: true, webauthn:extension:largeBlob: true, webauthn:extension:minPinLength: true, webauthn:extension:prf: true, webauthn:virtualAuthenticators: true}
Session ID: 96d9aa8e7f5c68167328a86820915401
*** Element info: {Using=class name, value=.modal-card-body}
	at sun.reflect.NativeConstructorAccessorImpl.newInstance0(Native Method)
	at sun.reflect.NativeConstructorAccessorImpl.newInstance(NativeConstructorAccessorImpl.java:62)
	at sun.reflect.DelegatingConstructorAccessorImpl.newInstance(DelegatingConstructorAccessorImpl.java:45)
	at java.lang.reflect.Constructor.newInstance(Constructor.java:423)
	at org.openqa.selenium.remote.http.W3CHttpResponseCodec.createException(W3CHttpResponseCodec.java:187)
	at org.openqa.selenium.remote.http.W3CHttpResponseCodec.decode(W3CHttpResponseCodec.java:122)
	at org.openqa.selenium.remote.http.W3CHttpResponseCodec.decode(W3CHttpResponseCodec.java:49)
	at org.openqa.selenium.remote.HttpCommandExecutor.execute(HttpCommandExecutor.java:158)
	at org.openqa.selenium.remote.service.DriverCommandExecutor.execute(DriverCommandExecutor.java:83)
	at org.openqa.selenium.remote.RemoteWebDriver.execute(RemoteWebDriver.java:552)
	at org.openqa.selenium.remote.RemoteWebDriver.findElement(RemoteWebDriver.java:323)
	at org.openqa.selenium.remote.RemoteWebDriver.findElementByClassName(RemoteWebDriver.java:412)
	at org.openqa.selenium.By$ByClassName.findElement(By.java:389)
	at org.openqa.selenium.remote.RemoteWebDriver.findElement(RemoteWebDriver.java:315)
	at scripts._02_Project.validateResetPasswordModal(_02_Project.java:100)
	at sun.reflect.NativeMethodAccessorImpl.invoke0(Native Method)
	at sun.reflect.NativeMethodAccessorImpl.invoke(NativeMethodAccessorImpl.java:62)
	at sun.reflect.DelegatingMethodAccessorImpl.invoke(DelegatingMethodAccessorImpl.java:43)
	at java.lang.reflect.Method.invoke(Method.java:498)
	at org.testng.internal.MethodInvocationHelper.invokeMethod(MethodInvocationHelper.java:134)
	at org.testng.internal.TestInvoker.invokeMethod(TestInvoker.java:597)
	at org.testng.internal.TestInvoker.invokeTestMethod(TestInvoker.java:173)
	at org.testng.internal.MethodRunner.runInSequence(MethodRunner.java:46)
	at org.testng.internal.TestInvoker$MethodInvocationAgent.invoke(TestInvoker.java:816)
	at org.testng.internal.TestInvoker.invokeTestMethods(TestInvoker.java:146)
	at org.testng.internal.TestMethodWorker.invokeTestMethods(TestMethodWorker.java:146)
	at org.testng.internal.TestMethodWorker.run(TestMethodWorker.java:128)
	at java.util.ArrayList.forEach(ArrayList.java:1259)
	at org.testng.TestRunner.privateRun(TestRunner.java:766)
	at org.testng.TestRunner.run(TestRunner.java:587)
	at org.testng.SuiteRunner.runTest(SuiteRunner.java:384)
	at org.testng.SuiteRunner.runSequentially(SuiteRunner.java:378)
	at org.testng.SuiteRunner.privateRun(SuiteRunner.java:337)
	at org.testng.SuiteRunner.run(SuiteRunner.java:286)
	at org.testng.SuiteRunnerWorker.runSuite(SuiteRunnerWorker.java:53)
	at org.testng.SuiteRunnerWorker.run(SuiteRunnerWorker.java:96)
	at org.testng.TestNG.runSuitesSequentially(TestNG.java:1187)
	at org.testng.TestNG.runSuitesLocally(TestNG.java:1109)
	at org.testng.TestNG.runSuites(TestNG.java:1039)
	at org.testng.TestNG.run(TestNG.java:1007)
	at org.apache.maven.surefire.testng.TestNGExecutor.run(TestNGExecutor.java:281)
	at org.apache.maven.surefire.testng.TestNGXmlTestSuite.execute(TestNGXmlTestSuite.java:75)
	at org.apache.maven.surefire.testng.TestNGProvider.invoke(TestNGProvider.java:121)
	at org.apache.maven.surefire.booter.ForkedBooter.invokeProviderInSameClassLoader(ForkedBooter.java:290)
	at org.apache.maven.surefire.booter.ForkedBooter.runSuitesInProcess(ForkedBooter.java:242)
	at org.apache.maven.surefire.booter.ForkedBooter.main(ForkedBooter.java:121)
</div></td></tr></table><p class="totop"><a href="#summary">back to summary</a></p>
<h3 id="m3">scripts._04_TGLocatorTest#validateListHeaders</h3><table class="result"><tr><th>Exception</th></tr><tr><td><div class="stacktrace">org.openqa.selenium.InvalidSelectorException: invalid selector: Unable to locate an element with the xpath expression .Xpath_subheader__VOtsU because of the following error:
SyntaxError: Failed to execute &apos;evaluate&apos; on &apos;Document&apos;: The string &apos;.Xpath_subheader__VOtsU&apos; is not a valid XPath expression.
  (Session info: chrome=113.0.5672.126)
For documentation on this error, please visit: https://www.seleniumhq.org/exceptions/invalid_selector_exception.html
Build info: version: &apos;3.141.59&apos;, revision: &apos;e82be7d358&apos;, time: &apos;2018-11-14T08:17:03&apos;
System info: host: &apos;Carmelas-MacBook-Air.local&apos;, ip: &apos;2601:249:9382:dab0:0:0:0:22a2%en0&apos;, os.name: &apos;Mac OS X&apos;, os.arch: &apos;x86_64&apos;, os.version: &apos;13.3.1&apos;, java.version: &apos;1.8.0_361&apos;
Driver info: org.openqa.selenium.chrome.ChromeDriver
Capabilities {acceptInsecureCerts: false, browserName: chrome, browserVersion: 113.0.5672.126, chrome: {chromedriverVersion: 113.0.5672.63 (0e1a4471d5ae..., userDataDir: /var/folders/jp/_bpmzzh9063...}, goog:chromeOptions: {debuggerAddress: localhost:53667}, javascriptEnabled: true, networkConnectionEnabled: false, pageLoadStrategy: normal, platform: MAC, platformName: MAC, proxy: Proxy(), setWindowRect: true, strictFileInteractability: false, timeouts: {implicit: 0, pageLoad: 300000, script: 30000}, unhandledPromptBehavior: dismiss and notify, webauthn:extension:credBlob: true, webauthn:extension:largeBlob: true, webauthn:extension:minPinLength: true, webauthn:extension:prf: true, webauthn:virtualAuthenticators: true}
Session ID: ec66964d68e6b2ac100b84b0f588b3e3
*** Element info: {Using=xpath, value=.Xpath_subheader__VOtsU}
	at sun.reflect.NativeConstructorAccessorImpl.newInstance0(Native Method)
	at sun.reflect.NativeConstructorAccessorImpl.newInstance(NativeConstructorAccessorImpl.java:62)
	at sun.reflect.DelegatingConstructorAccessorImpl.newInstance(DelegatingConstructorAccessorImpl.java:45)
	at java.lang.reflect.Constructor.newInstance(Constructor.java:423)
	at org.openqa.selenium.remote.http.W3CHttpResponseCodec.createException(W3CHttpResponseCodec.java:187)
	at org.openqa.selenium.remote.http.W3CHttpResponseCodec.decode(W3CHttpResponseCodec.java:122)
	at org.openqa.selenium.remote.http.W3CHttpResponseCodec.decode(W3CHttpResponseCodec.java:49)
	at org.openqa.selenium.remote.HttpCommandExecutor.execute(HttpCommandExecutor.java:158)
	at org.openqa.selenium.remote.service.DriverCommandExecutor.execute(DriverCommandExecutor.java:83)
	at org.openqa.selenium.remote.RemoteWebDriver.execute(RemoteWebDriver.java:552)
	at org.openqa.selenium.remote.RemoteWebDriver.findElements(RemoteWebDriver.java:353)
	at org.openqa.selenium.remote.RemoteWebDriver.findElementsByXPath(RemoteWebDriver.java:432)
	at org.openqa.selenium.By$ByXPath.findElements(By.java:348)
	at org.openqa.selenium.remote.RemoteWebDriver.findElements(RemoteWebDriver.java:311)
	at scripts._04_TGLocatorTest.validateListHeaders(_04_TGLocatorTest.java:83)
	at sun.reflect.NativeMethodAccessorImpl.invoke0(Native Method)
	at sun.reflect.NativeMethodAccessorImpl.invoke(NativeMethodAccessorImpl.java:62)
	at sun.reflect.DelegatingMethodAccessorImpl.invoke(DelegatingMethodAccessorImpl.java:43)
	at java.lang.reflect.Method.invoke(Method.java:498)
	at org.testng.internal.MethodInvocationHelper.invokeMethod(MethodInvocationHelper.java:134)
	at org.testng.internal.TestInvoker.invokeMethod(TestInvoker.java:597)
	at org.testng.internal.TestInvoker.invokeTestMethod(TestInvoker.java:173)
	at org.testng.internal.MethodRunner.runInSequence(MethodRunner.java:46)
	at org.testng.internal.TestInvoker$MethodInvocationAgent.invoke(TestInvoker.java:816)
	at org.testng.internal.TestInvoker.invokeTestMethods(TestInvoker.java:146)
	at org.testng.internal.TestMethodWorker.invokeTestMethods(TestMethodWorker.java:146)
	at org.testng.internal.TestMethodWorker.run(TestMethodWorker.java:128)
	at java.util.ArrayList.forEach(ArrayList.java:1259)
	at org.testng.TestRunner.privateRun(TestRunner.java:766)
	at org.testng.TestRunner.run(TestRunner.java:587)
	at org.testng.SuiteRunner.runTest(SuiteRunner.java:384)
	at org.testng.SuiteRunner.runSequentially(SuiteRunner.java:378)
	at org.testng.SuiteRunner.privateRun(SuiteRunner.java:337)
	at org.testng.SuiteRunner.run(SuiteRunner.java:286)
	at org.testng.SuiteRunnerWorker.runSuite(SuiteRunnerWorker.java:53)
	at org.testng.SuiteRunnerWorker.run(SuiteRunnerWorker.java:96)
	at org.testng.TestNG.runSuitesSequentially(TestNG.java:1187)
	at org.testng.TestNG.runSuitesLocally(TestNG.java:1109)
	at org.testng.TestNG.runSuites(TestNG.java:1039)
	at org.testng.TestNG.run(TestNG.java:1007)
	at org.apache.maven.surefire.testng.TestNGExecutor.run(TestNGExecutor.java:281)
	at org.apache.maven.surefire.testng.TestNGXmlTestSuite.execute(TestNGXmlTestSuite.java:75)
	at org.apache.maven.surefire.testng.TestNGProvider.invoke(TestNGProvider.java:121)
	at org.apache.maven.surefire.booter.ForkedBooter.invokeProviderInSameClassLoader(ForkedBooter.java:290)
	at org.apache.maven.surefire.booter.ForkedBooter.runSuitesInProcess(ForkedBooter.java:242)
	at org.apache.maven.surefire.booter.ForkedBooter.main(ForkedBooter.java:121)
</div></td></tr></table><p class="totop"><a href="#summary">back to summary</a></p>
<h3 id="m4">scripts._05_FacebookTest#validateFacebookInvalidLoginAttempt</h3><table class="result"><tr><th>Exception</th></tr><tr><td><div class="stacktrace">java.lang.AssertionError: expected [The email you entered isn&apos;t connected to an account. Find your account and log in.] but found [The email you entered isnâ€™t connected to an account. Find your account and log in.]
	at org.testng.Assert.fail(Assert.java:97)
	at org.testng.Assert.assertEqualsImpl(Assert.java:136)
	at org.testng.Assert.assertEquals(Assert.java:118)
	at org.testng.Assert.assertEquals(Assert.java:575)
	at org.testng.Assert.assertEquals(Assert.java:585)
	at scripts._05_FacebookTest.validateFacebookInvalidLoginAttempt(_05_FacebookTest.java:94)
	at sun.reflect.NativeMethodAccessorImpl.invoke0(Native Method)
	at sun.reflect.NativeMethodAccessorImpl.invoke(NativeMethodAccessorImpl.java:62)
	at sun.reflect.DelegatingMethodAccessorImpl.invoke(DelegatingMethodAccessorImpl.java:43)
	at java.lang.reflect.Method.invoke(Method.java:498)
	at org.testng.internal.MethodInvocationHelper.invokeMethod(MethodInvocationHelper.java:134)
	at org.testng.internal.TestInvoker.invokeMethod(TestInvoker.java:597)
	at org.testng.internal.TestInvoker.invokeTestMethod(TestInvoker.java:173)
	at org.testng.internal.MethodRunner.runInSequence(MethodRunner.java:46)
	at org.testng.internal.TestInvoker$MethodInvocationAgent.invoke(TestInvoker.java:816)
	at org.testng.internal.TestInvoker.invokeTestMethods(TestInvoker.java:146)
	at org.testng.internal.TestMethodWorker.invokeTestMethods(TestMethodWorker.java:146)
	at org.testng.internal.TestMethodWorker.run(TestMethodWorker.java:128)
	at java.util.ArrayList.forEach(ArrayList.java:1259)
	at org.testng.TestRunner.privateRun(TestRunner.java:766)
	at org.testng.TestRunner.run(TestRunner.java:587)
	at org.testng.SuiteRunner.runTest(SuiteRunner.java:384)
	at org.testng.SuiteRunner.runSequentially(SuiteRunner.java:378)
	at org.testng.SuiteRunner.privateRun(SuiteRunner.java:337)
	at org.testng.SuiteRunner.run(SuiteRunner.java:286)
	at org.testng.SuiteRunnerWorker.runSuite(SuiteRunnerWorker.java:53)
	at org.testng.SuiteRunnerWorker.run(SuiteRunnerWorker.java:96)
	at org.testng.TestNG.runSuitesSequentially(TestNG.java:1187)
	at org.testng.TestNG.runSuitesLocally(TestNG.java:1109)
	at org.testng.TestNG.runSuites(TestNG.java:1039)
	at org.testng.TestNG.run(TestNG.java:1007)
	at org.apache.maven.surefire.testng.TestNGExecutor.run(TestNGExecutor.java:281)
	at org.apache.maven.surefire.testng.TestNGXmlTestSuite.execute(TestNGXmlTestSuite.java:75)
	at org.apache.maven.surefire.testng.TestNGProvider.invoke(TestNGProvider.java:121)
	at org.apache.maven.surefire.booter.ForkedBooter.invokeProviderInSameClassLoader(ForkedBooter.java:290)
	at org.apache.maven.surefire.booter.ForkedBooter.runSuitesInProcess(ForkedBooter.java:242)
	at org.apache.maven.surefire.booter.ForkedBooter.main(ForkedBooter.java:121)
</div></td></tr></table><p class="totop"><a href="#summary">back to summary</a></p>
<h3 id="m5">scripts._01_GoogleTest#validateSearchBar</h3><table class="result"><tr><th class="invisible"/></tr></table><p class="totop"><a href="#summary">back to summary</a></p>
<h3 id="m6">scripts._01_GoogleTest#validateSearchButton</h3><table class="result"><tr><th class="invisible"/></tr></table><p class="totop"><a href="#summary">back to summary</a></p>
<h3 id="m7">scripts._01_GoogleTest#validateTitleAndURL</h3><table class="result"><tr><th class="invisible"/></tr></table><p class="totop"><a href="#summary">back to summary</a></p>
<h3 id="m8">scripts._01_Project#validateTheAddressInputBox</h3><table class="result"><tr><th class="invisible"/></tr></table><p class="totop"><a href="#summary">back to summary</a></p>
<h3 id="m9">scripts._01_Project#validateTheConsentCheckbox</h3><table class="result"><tr><th class="invisible"/></tr></table><p class="totop"><a href="#summary">back to summary</a></p>
<h3 id="m10">scripts._01_Project#validateTheEmailInputBox</h3><table class="result"><tr><th class="invisible"/></tr></table><p class="totop"><a href="#summary">back to summary</a></p>
<h3 id="m11">scripts._01_Project#validateTheFormSubmission</h3><table class="result"><tr><th class="invisible"/></tr></table><p class="totop"><a href="#summary">back to summary</a></p>
<h3 id="m12">scripts._01_Project#validateTheGenderRadioButton</h3><table class="result"><tr><th class="invisible"/></tr></table><p class="totop"><a href="#summary">back to summary</a></p>
<h3 id="m13">scripts._01_Project#validateTheMessageTextArea</h3><table class="result"><tr><th class="invisible"/></tr></table><p class="totop"><a href="#summary">back to summary</a></p>
<h3 id="m14">scripts._01_Project#validateThePhoneInputBox</h3><table class="result"><tr><th class="invisible"/></tr></table><p class="totop"><a href="#summary">back to summary</a></p>
<h3 id="m15">scripts._01_Project#validateTheSubmitButton</h3><table class="result"><tr><th class="invisible"/></tr></table><p class="totop"><a href="#summary">back to summary</a></p>
<h3 id="m16">scripts._02_AppleTest#validateTitleAndUrl</h3><table class="result"><tr><th class="invisible"/></tr></table><p class="totop"><a href="#summary">back to summary</a></p>
<h3 id="m17">scripts._02_Project#validateForgotPasswordAndResetPassword</h3><table class="result"><tr><th class="invisible"/></tr></table><p class="totop"><a href="#summary">back to summary</a></p>
<h3 id="m18">scripts._02_Project#validateInvalidLogin</h3><table class="result"><tr><th class="invisible"/></tr></table><p class="totop"><a href="#summary">back to summary</a></p>
<h3 id="m19">scripts._02_Project#validateInvalidLoginWithWrongCredentials</h3><table class="result"><tr><th class="invisible"/></tr></table><p class="totop"><a href="#summary">back to summary</a></p>
<h3 id="m20">scripts._02_Project#validateInvalidLoginWithWrongPassword</h3><table class="result"><tr><th class="invisible"/></tr></table><p class="totop"><a href="#summary">back to summary</a></p>
<h3 id="m21">scripts._02_Project#validateLoginForm</h3><table class="result"><tr><th class="invisible"/></tr></table><p class="totop"><a href="#summary">back to summary</a></p>
<h3 id="m22">scripts._02_Project#validateLogout</h3><table class="result"><tr><th class="invisible"/></tr></table><p class="totop"><a href="#summary">back to summary</a></p>
<h3 id="m23">scripts._02_Project#validateResetPasswordForm</h3><table class="result"><tr><th class="invisible"/></tr></table><p class="totop"><a href="#summary">back to summary</a></p>
<h3 id="m24">scripts._02_Project#validateValidLogin</h3><table class="result"><tr><th class="invisible"/></tr></table><p class="totop"><a href="#summary">back to summary</a></p>
<h3 id="m25">scripts._02_Project#validateWrongUsername</h3><table class="result"><tr><th class="invisible"/></tr></table><p class="totop"><a href="#summary">back to summary</a></p>
<h3 id="m26">scripts._03_TGLocatorsTest#validateAllLinks</h3><table class="result"><tr><th class="invisible"/></tr></table><p class="totop"><a href="#summary">back to summary</a></p>
<h3 id="m27">scripts._03_TGLocatorsTest#validateAllParagraphs</h3><table class="result"><tr><th class="invisible"/></tr></table><p class="totop"><a href="#summary">back to summary</a></p>
<h3 id="m28">scripts._03_TGLocatorsTest#validateGrapesParagraph</h3><table class="result"><tr><th class="invisible"/></tr></table><p class="totop"><a href="#summary">back to summary</a></p>
<h3 id="m29">scripts._03_TGLocatorsTest#validateKiwiParagraph</h3><table class="result"><tr><th class="invisible"/></tr></table><p class="totop"><a href="#summary">back to summary</a></p>
<h3 id="m30">scripts._03_TGLocatorsTest#validateOrangeParagraph</h3><table class="result"><tr><th class="invisible"/></tr></table><p class="totop"><a href="#summary">back to summary</a></p>
<h3 id="m31">scripts._03_TGLocatorsTest#validateRedAppleLink</h3><table class="result"><tr><th class="invisible"/></tr></table><p class="totop"><a href="#summary">back to summary</a></p>
<h3 id="m32">scripts._04_TGLocatorTest#validateAutomationTools</h3><table class="result"><tr><th class="invisible"/></tr></table><p class="totop"><a href="#summary">back to summary</a></p>
<h3 id="m33">scripts._04_TGLocatorTest#validateLanguages</h3><table class="result"><tr><th class="invisible"/></tr></table><p class="totop"><a href="#summary">back to summary</a></p>
<h3 id="m34">scripts._04_TGLocatorTest#validateTheHeader</h3><table class="result"><tr><th class="invisible"/></tr></table><p class="totop"><a href="#summary">back to summary</a></p>
<h3 id="m35">scripts._05_FacebookTest#validateFacebookLogin</h3><table class="result"><tr><th class="invisible"/></tr></table><p class="totop"><a href="#summary">back to summary</a></p>
<h3 id="m36">scripts._06_WikiTest#validateWikiSearch1</h3><table class="result"><tr><th class="invisible"/></tr></table><p class="totop"><a href="#summary">back to summary</a></p>
<h3 id="m37">scripts._06_WikiTest#validateWikiSearch2</h3><table class="result"><tr><th class="invisible"/></tr></table><p class="totop"><a href="#summary">back to summary</a></p>
<h3 id="m38">scripts._07_TGDynamicElementsTest#validateDynamicElementBox1</h3><table class="result"><tr><th class="invisible"/></tr></table><p class="totop"><a href="#summary">back to summary</a></p>
<h3 id="m39">scripts._07_TGDynamicElementsTest#validateDynamicElementBox2</h3><table class="result"><tr><th class="invisible"/></tr></table><p class="totop"><a href="#summary">back to summary</a></p>
<h3 id="m40">scripts._07_TGDynamicElementsTest#validateDynamicElementBoxes</h3><table class="result"><tr><th class="invisible"/></tr></table><p class="totop"><a href="#summary">back to summary</a></p>
<h3 id="m41">scripts._08_TGWaitsTest#waitForBlueBox</h3><table class="result"><tr><th class="invisible"/></tr></table><p class="totop"><a href="#summary">back to summary</a></p>
<h3 id="m42">scripts._08_TGWaitsTest#waitForRedBox</h3><table class="result"><tr><th class="invisible"/></tr></table><p class="totop"><a href="#summary">back to summary</a></p>
<h3 id="m43">scripts._09_TGCheckboxTest#checkboxTest2</h3><table class="result"><tr><th class="invisible"/></tr></table><p class="totop"><a href="#summary">back to summary</a></p>
<h3 id="m44">scripts._09_TGCheckboxTest#validateCheckboxes</h3><table class="result"><tr><th class="invisible"/></tr></table><p class="totop"><a href="#summary">back to summary</a></p>
<h3 id="m45">scripts._10_TGRadioButtonsTest#validatePracticeMore</h3><table class="result"><tr><th class="invisible"/></tr></table><p class="totop"><a href="#summary">back to summary</a></p>
<h3 id="m46">scripts._10_TGRadioButtonsTest#validateRadioButtons</h3><table class="result"><tr><th class="invisible"/></tr></table><p class="totop"><a href="#summary">back to summary</a></p>
<h3 id="m47">scripts._11_TGDropdownsTest#dropdownTestCase</h3><table class="result"><tr><th class="invisible"/></tr></table><p class="totop"><a href="#summary">back to summary</a></p>
<h3 id="m48">scripts._11_TGDropdownsTest#productColorTest</h3><table class="result"><tr><th class="invisible"/></tr></table><p class="totop"><a href="#summary">back to summary</a></p>
<h3 id="m49">scripts._11_TGDropdownsTest#productDeliveryTest</h3><table class="result"><tr><th class="invisible"/></tr></table><p class="totop"><a href="#summary">back to summary</a></p>
<h3 id="m50">scripts._11_TGDropdownsTest#productDropdownTest</h3><table class="result"><tr><th class="invisible"/></tr></table><p class="totop"><a href="#summary">back to summary</a></p>
<h3 id="m51">scripts._12_TGAlertsTest#confirmationAlert</h3><table class="result"><tr><th class="invisible"/></tr></table><p class="totop"><a href="#summary">back to summary</a></p>
<h3 id="m52">scripts._12_TGAlertsTest#warningAlert</h3><table class="result"><tr><th class="invisible"/></tr></table><p class="totop"><a href="#summary">back to summary</a></p>
<h3 id="m53">scripts._13_IFrameTest#validateTheFormSubmission</h3><table class="result"><tr><th class="invisible"/></tr></table><p class="totop"><a href="#summary">back to summary</a></p>
<h3 id="m54">scripts._13_IFrameTest#validateTheParagraph</h3><table class="result"><tr><th class="invisible"/></tr></table><p class="totop"><a href="#summary">back to summary</a></p>
<h3 id="m55">scripts._14_MultipleWindowsTest#validateTheAppleNavigation</h3><table class="result"><tr><th class="invisible"/></tr></table><p class="totop"><a href="#summary">back to summary</a></p>
<h3 id="m56">scripts._14_MultipleWindowsTest#validateTheLinkURLs</h3><table class="result"><tr><th class="invisible"/></tr></table><p class="totop"><a href="#summary">back to summary</a></p>
<h3 id="m57">scripts._14_MultipleWindowsTest#validateTheMicrosoftNavigation</h3><table class="result"><tr><th class="invisible"/></tr></table><p class="totop"><a href="#summary">back to summary</a></p>
<h3 id="m58">scripts._14_MultipleWindowsTest#validateTheTeslaNavigation</h3><table class="result"><tr><th class="invisible"/></tr></table><p class="totop"><a href="#summary">back to summary</a></p>
<h3 id="m59">scripts._17_TGStaticTableTest#validateEachCell</h3><table class="result"><tr><th class="invisible"/></tr></table><p class="totop"><a href="#summary">back to summary</a></p>
<h3 id="m60">scripts._17_TGStaticTableTest#validateFirstRow</h3><table class="result"><tr><th class="invisible"/></tr></table><p class="totop"><a href="#summary">back to summary</a></p>
<h3 id="m61">scripts._17_TGStaticTableTest#validateLastColumn</h3><table class="result"><tr><th class="invisible"/></tr></table><p class="totop"><a href="#summary">back to summary</a></p>
<h3 id="m62">scripts._17_TGStaticTableTest#validateTableHeaders</h3><table class="result"><tr><th class="invisible"/></tr></table><p class="totop"><a href="#summary">back to summary</a></p>
<h3 id="m63">scripts._18_TGSortableTableTest#validateSortAscByQuantity</h3><table class="result"><tr><th class="invisible"/></tr></table><p class="totop"><a href="#summary">back to summary</a></p>
<h3 id="m64">scripts._18_TGSortableTableTest#validateSortDscByQuantity</h3><table class="result"><tr><th class="invisible"/></tr></table><p class="totop"><a href="#summary">back to summary</a></p>
</body>
</html>
